<?xml version="1.0" encoding="UTF-8" standalone="no"?><testsuite errors="1" failures="0" name="Play virtual piano" skipped="0" tests="5" time="152.17" timestamp="2024-08-10 06:57:53"><testcase name="Play first sequence"/><testcase name="Play first sequence twice"/><testcase name="Play second and first sequences"/><testcase name="Play second and first sequences corrected"/><testcase name="Play virtual piano with clicks"><error message="element click intercepted: Element &lt;span class=&quot;white-key&quot; data-key=&quot;219&quot; data-note=&quot;3b&quot;&gt;...&lt;/span&gt; is not clickable at point (1003, 517). Other element would receive the click: &lt;span class=&quot;black-key&quot; data-key=&quot;187&quot; data-note=&quot;3ais&quot;&gt;...&lt;/span&gt;&#10;  (Session info: chrome=127.0.6533.100)&#10;Build info: version: '4.21.0', revision: '79ed462ef4'&#10;System info: os.name: 'Windows 11', os.arch: 'amd64', os.version: '10.0', java.version: '21.0.4'&#10;Driver info: org.openqa.selenium.chrome.ChromeDriver&#10;Command: [42da2abde981fcf8e3f7cd1fcbdc843d, clickElement {id=f.C9575024DB76D933E463DC6BC599788D.d.A9B1CD59091AA397906244116ECA3151.e.13}]&#10;Capabilities {acceptInsecureCerts: true, browserName: chrome, browserVersion: 127.0.6533.100, chrome: {chromedriverVersion: 127.0.6533.99 (f31af5097d90..., userDataDir: C:\Users\ALVEIR~1\AppData\L...}, fedcm:accounts: true, goog:chromeOptions: {debuggerAddress: localhost:63854}, networkConnectionEnabled: false, pageLoadStrategy: normal, platformName: windows, proxy: Proxy(), se:cdp: ws://localhost:63854/devtoo..., se:cdpVersion: 127.0.6533.100, setWindowRect: true, strictFileInteractability: false, timeouts: {implicit: 0, pageLoad: 300000, script: 30000}, unhandledPromptBehavior: dismiss and notify, webauthn:extension:credBlob: true, webauthn:extension:largeBlob: true, webauthn:extension:minPinLength: true, webauthn:extension:prf: true, webauthn:virtualAuthenticators: true}&#10;Element: [[ChromeDriver: chrome on windows (42da2abde981fcf8e3f7cd1fcbdc843d)] -&gt; xpath: //span[@data-note='3b']]&#10;Session ID: 42da2abde981fcf8e3f7cd1fcbdc843d" type="org.openqa.selenium.ElementClickInterceptedException">element click intercepted: Element &lt;span class="white-key" data-key="219" data-note="3b"&gt;...&lt;/span&gt; is not clickable at point (1003, 517). Other element would receive the click: &lt;span class="black-key" data-key="187" data-note="3ais"&gt;...&lt;/span&gt;
  (Session info: chrome=127.0.6533.100)
Build info: version: '4.21.0', revision: '79ed462ef4'
System info: os.name: 'Windows 11', os.arch: 'amd64', os.version: '10.0', java.version: '21.0.4'
Driver info: org.openqa.selenium.chrome.ChromeDriver
Command: [42da2abde981fcf8e3f7cd1fcbdc843d, clickElement {id=f.C9575024DB76D933E463DC6BC599788D.d.A9B1CD59091AA397906244116ECA3151.e.13}]
Capabilities {acceptInsecureCerts: true, browserName: chrome, browserVersion: 127.0.6533.100, chrome: {chromedriverVersion: 127.0.6533.99 (f31af5097d90..., userDataDir: C:\Users\ALVEIR~1\AppData\L...}, fedcm:accounts: true, goog:chromeOptions: {debuggerAddress: localhost:63854}, networkConnectionEnabled: false, pageLoadStrategy: normal, platformName: windows, proxy: Proxy(), se:cdp: ws://localhost:63854/devtoo..., se:cdpVersion: 127.0.6533.100, setWindowRect: true, strictFileInteractability: false, timeouts: {implicit: 0, pageLoad: 300000, script: 30000}, unhandledPromptBehavior: dismiss and notify, webauthn:extension:credBlob: true, webauthn:extension:largeBlob: true, webauthn:extension:minPinLength: true, webauthn:extension:prf: true, webauthn:virtualAuthenticators: true}
Element: [[ChromeDriver: chrome on windows (42da2abde981fcf8e3f7cd1fcbdc843d)] -&gt; xpath: //span[@data-note='3b']]
Session ID: 42da2abde981fcf8e3f7cd1fcbdc843d</error><system-err>element click intercepted: Element &lt;span class="white-key" data-key="219" data-note="3b"&gt;...&lt;/span&gt; is not clickable at point (1003, 517). Other element would receive the click: &lt;span class="black-key" data-key="187" data-note="3ais"&gt;...&lt;/span&gt;
  (Session info: chrome=127.0.6533.100)
Build info: version: '4.21.0', revision: '79ed462ef4'
System info: os.name: 'Windows 11', os.arch: 'amd64', os.version: '10.0', java.version: '21.0.4'
Driver info: org.openqa.selenium.chrome.ChromeDriver
Command: [42da2abde981fcf8e3f7cd1fcbdc843d, clickElement {id=f.C9575024DB76D933E463DC6BC599788D.d.A9B1CD59091AA397906244116ECA3151.e.13}]
Capabilities {acceptInsecureCerts: true, browserName: chrome, browserVersion: 127.0.6533.100, chrome: {chromedriverVersion: 127.0.6533.99 (f31af5097d90..., userDataDir: C:\Users\ALVEIR~1\AppData\L...}, fedcm:accounts: true, goog:chromeOptions: {debuggerAddress: localhost:63854}, networkConnectionEnabled: false, pageLoadStrategy: normal, platformName: windows, proxy: Proxy(), se:cdp: ws://localhost:63854/devtoo..., se:cdpVersion: 127.0.6533.100, setWindowRect: true, strictFileInteractability: false, timeouts: {implicit: 0, pageLoad: 300000, script: 30000}, unhandledPromptBehavior: dismiss and notify, webauthn:extension:credBlob: true, webauthn:extension:largeBlob: true, webauthn:extension:minPinLength: true, webauthn:extension:prf: true, webauthn:virtualAuthenticators: true}
Element: [[ChromeDriver: chrome on windows (42da2abde981fcf8e3f7cd1fcbdc843d)] -&gt; xpath: //span[@data-note='3b']]
Session ID: 42da2abde981fcf8e3f7cd1fcbdc843d&#13;
com.test.steps.VirtualPianoSteps.playVirtualPianoWithClick(VirtualPianoSteps.java:203)&#13;
com.test.stepdefinitions.VirtualPianoStepDefinitions.playVirtualPiano(VirtualPianoStepDefinitions.java:53)&#13;
✽.User plays on virtual piano(classpath:features/play_virtual_piano.feature:31)&#13;
</system-err></testcase></testsuite>